<?xml version="1.0" encoding="UTF-8"?>
<testsuite name="com.my.restaurant.repository.userRepository.UserRepositoryTest" tests="1" skipped="0" failures="0" errors="0" timestamp="2024-08-03T13:33:21" hostname="DESKTOP-1QSQV1O" time="0.446">
  <properties/>
  <testcase name="insertTodo()" classname="com.my.restaurant.repository.userRepository.UserRepositoryTest" time="0.446"/>
  <system-out><![CDATA[22:33:17.933 [Test worker] INFO org.springframework.test.context.support.AnnotationConfigContextLoaderUtils -- Could not detect default configuration classes for test class [com.my.restaurant.repository.userRepository.UserRepositoryTest]: UserRepositoryTest does not declare any static, non-private, non-final, nested classes annotated with @Configuration.
22:33:18.019 [Test worker] INFO org.springframework.boot.test.context.SpringBootTestContextBootstrapper -- Found @SpringBootConfiguration com.my.restaurant.Application for test class com.my.restaurant.repository.userRepository.UserRepositoryTest

  .   ____          _            __ _ _
 /\\ / ___'_ __ _ _(_)_ __  __ _ \ \ \ \
( ( )\___ | '_ | '_| | '_ \/ _` | \ \ \ \
 \\/  ___)| |_)| | | | | || (_| |  ) ) ) )
  '  |____| .__|_| |_|_| |_\__, | / / / /
 =========|_|==============|___/=/_/_/_/

 :: Spring Boot ::                (v3.3.2)

2024-08-03T22:33:18.297+09:00  INFO 4164 --- [김다훈.restaurant] [    Test worker] c.m.r.r.u.UserRepositoryTest             : Starting UserRepositoryTest using Java 17.0.3 with PID 4164 (started by ekgns in C:\DEV\Seedproject\김다훈.restaurant)
2024-08-03T22:33:18.298+09:00  INFO 4164 --- [김다훈.restaurant] [    Test worker] c.m.r.r.u.UserRepositoryTest             : No active profile set, falling back to 1 default profile: "default"
2024-08-03T22:33:18.747+09:00  INFO 4164 --- [김다훈.restaurant] [    Test worker] .s.d.r.c.RepositoryConfigurationDelegate : Bootstrapping Spring Data JPA repositories in DEFAULT mode.
2024-08-03T22:33:18.812+09:00  INFO 4164 --- [김다훈.restaurant] [    Test worker] .s.d.r.c.RepositoryConfigurationDelegate : Finished Spring Data repository scanning in 58 ms. Found 6 JPA repository interfaces.
2024-08-03T22:33:19.158+09:00  INFO 4164 --- [김다훈.restaurant] [    Test worker] o.hibernate.jpa.internal.util.LogHelper  : HHH000204: Processing PersistenceUnitInfo [name: default]
2024-08-03T22:33:19.208+09:00  INFO 4164 --- [김다훈.restaurant] [    Test worker] org.hibernate.Version                    : HHH000412: Hibernate ORM core version 6.5.2.Final
2024-08-03T22:33:19.235+09:00  INFO 4164 --- [김다훈.restaurant] [    Test worker] o.h.c.internal.RegionFactoryInitiator    : HHH000026: Second-level cache disabled
2024-08-03T22:33:19.477+09:00  INFO 4164 --- [김다훈.restaurant] [    Test worker] o.s.o.j.p.SpringPersistenceUnitInfo      : No LoadTimeWeaver setup: ignoring JPA class transformer
2024-08-03T22:33:19.500+09:00  INFO 4164 --- [김다훈.restaurant] [    Test worker] com.zaxxer.hikari.HikariDataSource       : HikariPool-1 - Starting...
2024-08-03T22:33:19.659+09:00  INFO 4164 --- [김다훈.restaurant] [    Test worker] com.zaxxer.hikari.pool.HikariPool        : HikariPool-1 - Added connection oracle.jdbc.driver.T4CConnection@f810c18
2024-08-03T22:33:19.661+09:00  INFO 4164 --- [김다훈.restaurant] [    Test worker] com.zaxxer.hikari.HikariDataSource       : HikariPool-1 - Start completed.
2024-08-03T22:33:19.728+09:00  WARN 4164 --- [김다훈.restaurant] [    Test worker] org.hibernate.dialect.Dialect            : HHH000511: The 11.2.0 version for [org.hibernate.dialect.OracleDialect] is no longer supported, hence certain features may not work properly. The minimum supported version is 19.0.0. Check the community dialects project for available legacy versions.
2024-08-03T22:33:20.464+09:00  INFO 4164 --- [김다훈.restaurant] [    Test worker] o.h.e.t.j.p.i.JtaPlatformInitiator       : HHH000489: No JTA platform available (set 'hibernate.transaction.jta.platform' to enable JTA platform integration)
2024-08-03T22:33:20.715+09:00  INFO 4164 --- [김다훈.restaurant] [    Test worker] j.LocalContainerEntityManagerFactoryBean : Initialized JPA EntityManagerFactory for persistence unit 'default'
2024-08-03T22:33:20.996+09:00  INFO 4164 --- [김다훈.restaurant] [    Test worker] o.s.d.j.r.query.QueryEnhancerFactory     : Hibernate is in classpath; If applicable, HQL parser will be used.
2024-08-03T22:33:21.435+09:00  WARN 4164 --- [김다훈.restaurant] [    Test worker] JpaBaseConfiguration$JpaWebConfiguration : spring.jpa.open-in-view is enabled by default. Therefore, database queries may be performed during view rendering. Explicitly configure spring.jpa.open-in-view to disable this warning
2024-08-03T22:33:21.691+09:00  INFO 4164 --- [김다훈.restaurant] [    Test worker] c.m.r.r.u.UserRepositoryTest             : Started UserRepositoryTest in 3.561 seconds (process running for 4.353)
Hibernate: select user_seq.nextval from dual
Hibernate: insert into users (birth_day,personal_name,phone_number,user_email,user_name,user_pw,user_id) values (?,?,?,?,?,?,?)
Hibernate: select user_seq.nextval from dual
Hibernate: insert into users (birth_day,personal_name,phone_number,user_email,user_name,user_pw,user_id) values (?,?,?,?,?,?,?)
Hibernate: select user_seq.nextval from dual
Hibernate: insert into users (birth_day,personal_name,phone_number,user_email,user_name,user_pw,user_id) values (?,?,?,?,?,?,?)
Hibernate: select user_seq.nextval from dual
Hibernate: insert into users (birth_day,personal_name,phone_number,user_email,user_name,user_pw,user_id) values (?,?,?,?,?,?,?)
Hibernate: select user_seq.nextval from dual
Hibernate: insert into users (birth_day,personal_name,phone_number,user_email,user_name,user_pw,user_id) values (?,?,?,?,?,?,?)
Hibernate: select user_seq.nextval from dual
Hibernate: insert into users (birth_day,personal_name,phone_number,user_email,user_name,user_pw,user_id) values (?,?,?,?,?,?,?)
Hibernate: select user_seq.nextval from dual
Hibernate: insert into users (birth_day,personal_name,phone_number,user_email,user_name,user_pw,user_id) values (?,?,?,?,?,?,?)
Hibernate: select user_seq.nextval from dual
Hibernate: insert into users (birth_day,personal_name,phone_number,user_email,user_name,user_pw,user_id) values (?,?,?,?,?,?,?)
Hibernate: select user_seq.nextval from dual
Hibernate: insert into users (birth_day,personal_name,phone_number,user_email,user_name,user_pw,user_id) values (?,?,?,?,?,?,?)
Hibernate: select user_seq.nextval from dual
Hibernate: insert into users (birth_day,personal_name,phone_number,user_email,user_name,user_pw,user_id) values (?,?,?,?,?,?,?)
Hibernate: select user_seq.nextval from dual
Hibernate: insert into users (birth_day,personal_name,phone_number,user_email,user_name,user_pw,user_id) values (?,?,?,?,?,?,?)
Hibernate: select user_seq.nextval from dual
Hibernate: insert into users (birth_day,personal_name,phone_number,user_email,user_name,user_pw,user_id) values (?,?,?,?,?,?,?)
Hibernate: select user_seq.nextval from dual
Hibernate: insert into users (birth_day,personal_name,phone_number,user_email,user_name,user_pw,user_id) values (?,?,?,?,?,?,?)
Hibernate: select user_seq.nextval from dual
Hibernate: insert into users (birth_day,personal_name,phone_number,user_email,user_name,user_pw,user_id) values (?,?,?,?,?,?,?)
Hibernate: select user_seq.nextval from dual
Hibernate: insert into users (birth_day,personal_name,phone_number,user_email,user_name,user_pw,user_id) values (?,?,?,?,?,?,?)
Hibernate: select user_seq.nextval from dual
Hibernate: insert into users (birth_day,personal_name,phone_number,user_email,user_name,user_pw,user_id) values (?,?,?,?,?,?,?)
Hibernate: select user_seq.nextval from dual
Hibernate: insert into users (birth_day,personal_name,phone_number,user_email,user_name,user_pw,user_id) values (?,?,?,?,?,?,?)
Hibernate: select user_seq.nextval from dual
Hibernate: insert into users (birth_day,personal_name,phone_number,user_email,user_name,user_pw,user_id) values (?,?,?,?,?,?,?)
Hibernate: select user_seq.nextval from dual
Hibernate: insert into users (birth_day,personal_name,phone_number,user_email,user_name,user_pw,user_id) values (?,?,?,?,?,?,?)
Hibernate: select user_seq.nextval from dual
Hibernate: insert into users (birth_day,personal_name,phone_number,user_email,user_name,user_pw,user_id) values (?,?,?,?,?,?,?)
Hibernate: select user_seq.nextval from dual
Hibernate: insert into users (birth_day,personal_name,phone_number,user_email,user_name,user_pw,user_id) values (?,?,?,?,?,?,?)
Hibernate: select user_seq.nextval from dual
Hibernate: insert into users (birth_day,personal_name,phone_number,user_email,user_name,user_pw,user_id) values (?,?,?,?,?,?,?)
Hibernate: select user_seq.nextval from dual
Hibernate: insert into users (birth_day,personal_name,phone_number,user_email,user_name,user_pw,user_id) values (?,?,?,?,?,?,?)
Hibernate: select user_seq.nextval from dual
Hibernate: insert into users (birth_day,personal_name,phone_number,user_email,user_name,user_pw,user_id) values (?,?,?,?,?,?,?)
Hibernate: select user_seq.nextval from dual
Hibernate: insert into users (birth_day,personal_name,phone_number,user_email,user_name,user_pw,user_id) values (?,?,?,?,?,?,?)
Hibernate: select user_seq.nextval from dual
Hibernate: insert into users (birth_day,personal_name,phone_number,user_email,user_name,user_pw,user_id) values (?,?,?,?,?,?,?)
Hibernate: select user_seq.nextval from dual
Hibernate: insert into users (birth_day,personal_name,phone_number,user_email,user_name,user_pw,user_id) values (?,?,?,?,?,?,?)
Hibernate: select user_seq.nextval from dual
Hibernate: insert into users (birth_day,personal_name,phone_number,user_email,user_name,user_pw,user_id) values (?,?,?,?,?,?,?)
Hibernate: select user_seq.nextval from dual
Hibernate: insert into users (birth_day,personal_name,phone_number,user_email,user_name,user_pw,user_id) values (?,?,?,?,?,?,?)
Hibernate: select user_seq.nextval from dual
Hibernate: insert into users (birth_day,personal_name,phone_number,user_email,user_name,user_pw,user_id) values (?,?,?,?,?,?,?)
Hibernate: select user_seq.nextval from dual
Hibernate: insert into users (birth_day,personal_name,phone_number,user_email,user_name,user_pw,user_id) values (?,?,?,?,?,?,?)
Hibernate: select user_seq.nextval from dual
Hibernate: insert into users (birth_day,personal_name,phone_number,user_email,user_name,user_pw,user_id) values (?,?,?,?,?,?,?)
Hibernate: select user_seq.nextval from dual
Hibernate: insert into users (birth_day,personal_name,phone_number,user_email,user_name,user_pw,user_id) values (?,?,?,?,?,?,?)
Hibernate: select user_seq.nextval from dual
Hibernate: insert into users (birth_day,personal_name,phone_number,user_email,user_name,user_pw,user_id) values (?,?,?,?,?,?,?)
Hibernate: select user_seq.nextval from dual
Hibernate: insert into users (birth_day,personal_name,phone_number,user_email,user_name,user_pw,user_id) values (?,?,?,?,?,?,?)
Hibernate: select user_seq.nextval from dual
Hibernate: insert into users (birth_day,personal_name,phone_number,user_email,user_name,user_pw,user_id) values (?,?,?,?,?,?,?)
Hibernate: select user_seq.nextval from dual
Hibernate: insert into users (birth_day,personal_name,phone_number,user_email,user_name,user_pw,user_id) values (?,?,?,?,?,?,?)
Hibernate: select user_seq.nextval from dual
Hibernate: insert into users (birth_day,personal_name,phone_number,user_email,user_name,user_pw,user_id) values (?,?,?,?,?,?,?)
Hibernate: select user_seq.nextval from dual
Hibernate: insert into users (birth_day,personal_name,phone_number,user_email,user_name,user_pw,user_id) values (?,?,?,?,?,?,?)
Hibernate: select user_seq.nextval from dual
Hibernate: insert into users (birth_day,personal_name,phone_number,user_email,user_name,user_pw,user_id) values (?,?,?,?,?,?,?)
Hibernate: select user_seq.nextval from dual
Hibernate: insert into users (birth_day,personal_name,phone_number,user_email,user_name,user_pw,user_id) values (?,?,?,?,?,?,?)
Hibernate: select user_seq.nextval from dual
Hibernate: insert into users (birth_day,personal_name,phone_number,user_email,user_name,user_pw,user_id) values (?,?,?,?,?,?,?)
Hibernate: select user_seq.nextval from dual
Hibernate: insert into users (birth_day,personal_name,phone_number,user_email,user_name,user_pw,user_id) values (?,?,?,?,?,?,?)
Hibernate: select user_seq.nextval from dual
Hibernate: insert into users (birth_day,personal_name,phone_number,user_email,user_name,user_pw,user_id) values (?,?,?,?,?,?,?)
Hibernate: select user_seq.nextval from dual
Hibernate: insert into users (birth_day,personal_name,phone_number,user_email,user_name,user_pw,user_id) values (?,?,?,?,?,?,?)
Hibernate: select user_seq.nextval from dual
Hibernate: insert into users (birth_day,personal_name,phone_number,user_email,user_name,user_pw,user_id) values (?,?,?,?,?,?,?)
Hibernate: select user_seq.nextval from dual
Hibernate: insert into users (birth_day,personal_name,phone_number,user_email,user_name,user_pw,user_id) values (?,?,?,?,?,?,?)
Hibernate: select user_seq.nextval from dual
Hibernate: insert into users (birth_day,personal_name,phone_number,user_email,user_name,user_pw,user_id) values (?,?,?,?,?,?,?)
Hibernate: select user_seq.nextval from dual
Hibernate: insert into users (birth_day,personal_name,phone_number,user_email,user_name,user_pw,user_id) values (?,?,?,?,?,?,?)
Hibernate: select user_seq.nextval from dual
Hibernate: insert into users (birth_day,personal_name,phone_number,user_email,user_name,user_pw,user_id) values (?,?,?,?,?,?,?)
Hibernate: select user_seq.nextval from dual
Hibernate: insert into users (birth_day,personal_name,phone_number,user_email,user_name,user_pw,user_id) values (?,?,?,?,?,?,?)
Hibernate: select user_seq.nextval from dual
Hibernate: insert into users (birth_day,personal_name,phone_number,user_email,user_name,user_pw,user_id) values (?,?,?,?,?,?,?)
Hibernate: select user_seq.nextval from dual
Hibernate: insert into users (birth_day,personal_name,phone_number,user_email,user_name,user_pw,user_id) values (?,?,?,?,?,?,?)
Hibernate: select user_seq.nextval from dual
Hibernate: insert into users (birth_day,personal_name,phone_number,user_email,user_name,user_pw,user_id) values (?,?,?,?,?,?,?)
Hibernate: select user_seq.nextval from dual
Hibernate: insert into users (birth_day,personal_name,phone_number,user_email,user_name,user_pw,user_id) values (?,?,?,?,?,?,?)
Hibernate: select user_seq.nextval from dual
Hibernate: insert into users (birth_day,personal_name,phone_number,user_email,user_name,user_pw,user_id) values (?,?,?,?,?,?,?)
Hibernate: select user_seq.nextval from dual
Hibernate: insert into users (birth_day,personal_name,phone_number,user_email,user_name,user_pw,user_id) values (?,?,?,?,?,?,?)
Hibernate: select user_seq.nextval from dual
Hibernate: insert into users (birth_day,personal_name,phone_number,user_email,user_name,user_pw,user_id) values (?,?,?,?,?,?,?)
Hibernate: select user_seq.nextval from dual
Hibernate: insert into users (birth_day,personal_name,phone_number,user_email,user_name,user_pw,user_id) values (?,?,?,?,?,?,?)
Hibernate: select user_seq.nextval from dual
Hibernate: insert into users (birth_day,personal_name,phone_number,user_email,user_name,user_pw,user_id) values (?,?,?,?,?,?,?)
Hibernate: select user_seq.nextval from dual
Hibernate: insert into users (birth_day,personal_name,phone_number,user_email,user_name,user_pw,user_id) values (?,?,?,?,?,?,?)
Hibernate: select user_seq.nextval from dual
Hibernate: insert into users (birth_day,personal_name,phone_number,user_email,user_name,user_pw,user_id) values (?,?,?,?,?,?,?)
Hibernate: select user_seq.nextval from dual
Hibernate: insert into users (birth_day,personal_name,phone_number,user_email,user_name,user_pw,user_id) values (?,?,?,?,?,?,?)
Hibernate: select user_seq.nextval from dual
Hibernate: insert into users (birth_day,personal_name,phone_number,user_email,user_name,user_pw,user_id) values (?,?,?,?,?,?,?)
Hibernate: select user_seq.nextval from dual
Hibernate: insert into users (birth_day,personal_name,phone_number,user_email,user_name,user_pw,user_id) values (?,?,?,?,?,?,?)
Hibernate: select user_seq.nextval from dual
Hibernate: insert into users (birth_day,personal_name,phone_number,user_email,user_name,user_pw,user_id) values (?,?,?,?,?,?,?)
Hibernate: select user_seq.nextval from dual
Hibernate: insert into users (birth_day,personal_name,phone_number,user_email,user_name,user_pw,user_id) values (?,?,?,?,?,?,?)
Hibernate: select user_seq.nextval from dual
Hibernate: insert into users (birth_day,personal_name,phone_number,user_email,user_name,user_pw,user_id) values (?,?,?,?,?,?,?)
Hibernate: select user_seq.nextval from dual
Hibernate: insert into users (birth_day,personal_name,phone_number,user_email,user_name,user_pw,user_id) values (?,?,?,?,?,?,?)
Hibernate: select user_seq.nextval from dual
Hibernate: insert into users (birth_day,personal_name,phone_number,user_email,user_name,user_pw,user_id) values (?,?,?,?,?,?,?)
Hibernate: select user_seq.nextval from dual
Hibernate: insert into users (birth_day,personal_name,phone_number,user_email,user_name,user_pw,user_id) values (?,?,?,?,?,?,?)
Hibernate: select user_seq.nextval from dual
Hibernate: insert into users (birth_day,personal_name,phone_number,user_email,user_name,user_pw,user_id) values (?,?,?,?,?,?,?)
Hibernate: select user_seq.nextval from dual
Hibernate: insert into users (birth_day,personal_name,phone_number,user_email,user_name,user_pw,user_id) values (?,?,?,?,?,?,?)
Hibernate: select user_seq.nextval from dual
Hibernate: insert into users (birth_day,personal_name,phone_number,user_email,user_name,user_pw,user_id) values (?,?,?,?,?,?,?)
Hibernate: select user_seq.nextval from dual
Hibernate: insert into users (birth_day,personal_name,phone_number,user_email,user_name,user_pw,user_id) values (?,?,?,?,?,?,?)
Hibernate: select user_seq.nextval from dual
Hibernate: insert into users (birth_day,personal_name,phone_number,user_email,user_name,user_pw,user_id) values (?,?,?,?,?,?,?)
Hibernate: select user_seq.nextval from dual
Hibernate: insert into users (birth_day,personal_name,phone_number,user_email,user_name,user_pw,user_id) values (?,?,?,?,?,?,?)
Hibernate: select user_seq.nextval from dual
Hibernate: insert into users (birth_day,personal_name,phone_number,user_email,user_name,user_pw,user_id) values (?,?,?,?,?,?,?)
Hibernate: select user_seq.nextval from dual
Hibernate: insert into users (birth_day,personal_name,phone_number,user_email,user_name,user_pw,user_id) values (?,?,?,?,?,?,?)
Hibernate: select user_seq.nextval from dual
Hibernate: insert into users (birth_day,personal_name,phone_number,user_email,user_name,user_pw,user_id) values (?,?,?,?,?,?,?)
Hibernate: select user_seq.nextval from dual
Hibernate: insert into users (birth_day,personal_name,phone_number,user_email,user_name,user_pw,user_id) values (?,?,?,?,?,?,?)
Hibernate: select user_seq.nextval from dual
Hibernate: insert into users (birth_day,personal_name,phone_number,user_email,user_name,user_pw,user_id) values (?,?,?,?,?,?,?)
Hibernate: select user_seq.nextval from dual
Hibernate: insert into users (birth_day,personal_name,phone_number,user_email,user_name,user_pw,user_id) values (?,?,?,?,?,?,?)
Hibernate: select user_seq.nextval from dual
Hibernate: insert into users (birth_day,personal_name,phone_number,user_email,user_name,user_pw,user_id) values (?,?,?,?,?,?,?)
Hibernate: select user_seq.nextval from dual
Hibernate: insert into users (birth_day,personal_name,phone_number,user_email,user_name,user_pw,user_id) values (?,?,?,?,?,?,?)
Hibernate: select user_seq.nextval from dual
Hibernate: insert into users (birth_day,personal_name,phone_number,user_email,user_name,user_pw,user_id) values (?,?,?,?,?,?,?)
Hibernate: select user_seq.nextval from dual
Hibernate: insert into users (birth_day,personal_name,phone_number,user_email,user_name,user_pw,user_id) values (?,?,?,?,?,?,?)
Hibernate: select user_seq.nextval from dual
Hibernate: insert into users (birth_day,personal_name,phone_number,user_email,user_name,user_pw,user_id) values (?,?,?,?,?,?,?)
Hibernate: select user_seq.nextval from dual
Hibernate: insert into users (birth_day,personal_name,phone_number,user_email,user_name,user_pw,user_id) values (?,?,?,?,?,?,?)
Hibernate: select user_seq.nextval from dual
Hibernate: insert into users (birth_day,personal_name,phone_number,user_email,user_name,user_pw,user_id) values (?,?,?,?,?,?,?)
Hibernate: select user_seq.nextval from dual
Hibernate: insert into users (birth_day,personal_name,phone_number,user_email,user_name,user_pw,user_id) values (?,?,?,?,?,?,?)
Hibernate: select user_seq.nextval from dual
Hibernate: insert into users (birth_day,personal_name,phone_number,user_email,user_name,user_pw,user_id) values (?,?,?,?,?,?,?)
Hibernate: select user_seq.nextval from dual
Hibernate: insert into users (birth_day,personal_name,phone_number,user_email,user_name,user_pw,user_id) values (?,?,?,?,?,?,?)
Hibernate: select user_seq.nextval from dual
Hibernate: insert into users (birth_day,personal_name,phone_number,user_email,user_name,user_pw,user_id) values (?,?,?,?,?,?,?)
Hibernate: select user_seq.nextval from dual
Hibernate: insert into users (birth_day,personal_name,phone_number,user_email,user_name,user_pw,user_id) values (?,?,?,?,?,?,?)
Hibernate: select user_seq.nextval from dual
Hibernate: insert into users (birth_day,personal_name,phone_number,user_email,user_name,user_pw,user_id) values (?,?,?,?,?,?,?)
Hibernate: select user_seq.nextval from dual
Hibernate: insert into users (birth_day,personal_name,phone_number,user_email,user_name,user_pw,user_id) values (?,?,?,?,?,?,?)
Hibernate: select user_seq.nextval from dual
Hibernate: insert into users (birth_day,personal_name,phone_number,user_email,user_name,user_pw,user_id) values (?,?,?,?,?,?,?)
Hibernate: select user_seq.nextval from dual
Hibernate: insert into users (birth_day,personal_name,phone_number,user_email,user_name,user_pw,user_id) values (?,?,?,?,?,?,?)
Hibernate: select user_seq.nextval from dual
Hibernate: insert into users (birth_day,personal_name,phone_number,user_email,user_name,user_pw,user_id) values (?,?,?,?,?,?,?)
]]></system-out>
  <system-err><![CDATA[]]></system-err>
</testsuite>
